<?xml version="1.0" encoding="UTF-8" ?>
<testsuite errors="0" skipped="0" tests="7" time="0.047" failures="0" name="com.gramercysoftware.utils.ObjectUtilsTest">
  <properties>
    <property value="Sun Microsystems Inc." name="java.vendor"/>
    <property value="C:\WINDOWS" name="env.SYSTEMROOT"/>
    <property value="C:\Documents and Settings\hwng\.m2\repository" name="localRepository"/>
    <property value="HotSpot Client Compiler" name="sun.management.compiler"/>
    <property value="$P$G" name="env.PROMPT"/>
    <property value="Windows XP" name="os.name"/>
    <property value="NO" name="env.FP_NO_HOST_CHECK"/>
    <property value="d:\java\jdk1.5.0_10\jre\lib\rt.jar;d:\java\jdk1.5.0_10\jre\lib\i18n.jar;d:\java\jdk1.5.0_10\jre\lib\sunrsasign.jar;d:\java\jdk1.5.0_10\jre\lib\jsse.jar;d:\java\jdk1.5.0_10\jre\lib\jce.jar;d:\java\jdk1.5.0_10\jre\lib\charsets.jar;d:\java\jdk1.5.0_10\jre\classes" name="sun.boot.class.path"/>
    <property value="POD161" name="env.COMPUTERNAME"/>
    <property value="/cygdrive/d/src/commons-utils" name="env.PWD"/>
    <property value="unix" name="env.MAKE_MODE"/>
    <property value="C:\Documents and Settings\All Users" name="env.ALLUSERSPROFILE"/>
    <property value="windows" name="sun.desktop"/>
    <property value="Sun Microsystems Inc." name="java.vm.specification.vendor"/>
    <property value="1.5.0_10-b03" name="java.runtime.version"/>
    <property value="\Documents and Settings\hwng" name="env.HOMEPATH"/>
    <property value="hwng" name="user.name"/>
    <property value="hwng" name="env.USER"/>
    <property value="D:\Java\jre1.5.0_10\lib\ext\QTJava.zip" name="env.QTJAVA"/>
    <property value="D:\Program Files\Informix" name="env.INFORMIXDIR"/>
    <property value="cygdrive\d\ruby\bin;d:\cygwin\usr\local\bin;d:\cygwin\bin;d:\cygwin\bin;d:\cygwin\usr\X11R6\bin;d:\java\j2sdk1.4.2_13\bin;d:\ruby\bin;c:\WINDOWS\system32;c:\WINDOWS;c:\WINDOWS\System32\Wbem;c:\Program Files\SecureCRT\;c:\PROGRA~1\SecureFX;d:\Program Files\Apache Group\apache-ant-1.6.5\bin;d:\Program Files\Informix\bin;d:\Program Files\Common Files\GTK\2.0\bin;d:\Program Files\Apache Group\apache-maven-2.0.9\bin;c:\Program Files\QuickTime\QTSystem\;d:\Program Files\Subversion\bin;d:\cvsnt;d:\cygwin\bin;d:\cygwin\bin;d:\cygwin\bin" name="env.PATH"/>
    <property value="en" name="user.language"/>
    <property value="C:\WINDOWS" name="env.WINDIR"/>
    <property value="d:\java\jdk1.5.0_10\jre\bin" name="sun.boot.library.path"/>
    <property value="d:\Program Files\Apache Group\apache-maven-2.0.9/bin/m2.conf" name="classworlds.conf"/>
    <property value="1.5.0_10" name="java.version"/>
    <property value="x86 Family 6 Model 15 Stepping 6, GenuineIntel" name="env.PROCESSOR_IDENTIFIER"/>
    <property value="America/New_York" name="user.timezone"/>
    <property value="Console" name="env.CLIENTNAME"/>
    <property value="c:\DOCUME~1\hwng\LOCALS~1\Temp" name="env.TEMP"/>
    <property value="32" name="sun.arch.data.model"/>
    <property value="D:\Program Files\Subversion\iconv" name="env.APR_ICONV_PATH"/>
    <property value="d:\java\jdk1.5.0_10\jre\lib\endorsed" name="java.endorsed.dirs"/>
    <property value="pentium_pro+mmx pentium_pro pentium+mmx pentium i486 i386 i86" name="sun.cpu.isalist"/>
    <property value="C:" name="env.HOMEDRIVE"/>
    <property value="Cp1252" name="sun.jnu.encoding"/>
    <property value="sun.io" name="file.encoding.pkg"/>
    <property value="1" name="env.SHLVL"/>
    <property value="C:" name="env.SYSTEMDRIVE"/>
    <property value="pod161" name="env.HOSTNAME"/>
    <property value="\" name="file.separator"/>
    <property value="Java Platform API Specification" name="java.specification.name"/>
    <property value="49.0" name="java.class.version"/>
    <property value="US" name="user.country"/>
    <property value="\\iwdhp\HP LJ M3027X MFP PCL6" name="env.PRINTER"/>
    <property value="d:\java\jdk1.5.0_10\jre" name="java.home"/>
    <property value="C:\Documents and Settings\hwng\Application Data" name="env.APPDATA"/>
    <property value="mixed mode" name="java.vm.info"/>
    <property value="Windows_NT" name="env.OS"/>
    <property value="5.1" name="os.version"/>
    <property value="rubygems" name="env.RUBYOPT"/>
    <property value=";" name="path.separator"/>
    <property value="1.5.0_10-b03" name="java.vm.version"/>
    <property value="C:\Documents and Settings\hwng" name="env.USERPROFILE"/>
    <property value="" name="user.variant"/>
    <property value="d:\java\jdk1.5.0_10" name="env.JAVA_HOME"/>
    <property value="sun.awt.windows.WPrinterJob" name="java.awt.printerjob"/>
    <property value="xterm" name="env.TERM"/>
    <property value="c:\DOCUME~1\hwng\LOCALS~1\Temp" name="env.TMP"/>
    <property value="C:\Program Files" name="env.PROGRAMFILES"/>
    <property value="UnicodeLittle" name="sun.io.unicode.encoding"/>
    <property value="sun.awt.windows.WToolkit" name="awt.toolkit"/>
    <property value="/usr/local/man:/usr/share/man:/usr/man::/usr/ssl/man" name="env.MANPATH"/>
    <property value="C:\Documents and Settings\hwng" name="user.home"/>
    <property value="C:\Program Files\Common Files" name="env.COMMONPROGRAMFILES"/>
    <property value="/cygdrive/d/src/commons-utils" name="env.OLDPWD"/>
    <property value="Console" name="env.SESSIONNAME"/>
    <property value="Sun Microsystems Inc." name="java.specification.vendor"/>
    <property value="." name="env.CLASSPATH"/>
    <property value="http://java.sun.com/" name="java.vendor.url"/>
    <property value="4" name="env.NUMBER_OF_PROCESSORS"/>
    <property value="d:\java\jdk1.5.0_10\bin;.;C:\WINDOWS\system32;C:\WINDOWS;cygdrive\d\ruby\bin;d:\cygwin\usr\local\bin;d:\cygwin\bin;d:\cygwin\bin;d:\cygwin\usr\X11R6\bin;d:\java\j2sdk1.4.2_13\bin;d:\ruby\bin;c:\WINDOWS\system32;c:\WINDOWS;c:\WINDOWS\System32\Wbem;c:\Program Files\SecureCRT\;c:\PROGRA~1\SecureFX;d:\Program Files\Apache Group\apache-ant-1.6.5\bin;d:\Program Files\Informix\bin;d:\Program Files\Common Files\GTK\2.0\bin;d:\Program Files\Apache Group\apache-maven-2.0.9\bin;c:\Program Files\QuickTime\QTSystem\;d:\Program Files\Subversion\bin;d:\cvsnt;d:\cygwin\bin;d:\cygwin\bin;d:\cygwin\bin" name="java.library.path"/>
    <property value="INTWARE.COM" name="env.USERDNSDOMAIN"/>
    <property value="Sun Microsystems Inc." name="java.vm.vendor"/>
    <property value="Java(TM) 2 Runtime Environment, Standard Edition" name="java.runtime.name"/>
    <property value="d:\Program Files\Apache Group\apache-maven-2.0.9" name="maven.home"/>
    <property value="d:\Program Files\Apache Group\apache-maven-2.0.9/boot/classworlds-1.1.jar" name="java.class.path"/>
    <property value="/bin/ssh" name="env.CVS_RSH"/>
    <property value="Java Virtual Machine Specification" name="java.vm.specification.name"/>
    <property value="\\IWDBDC" name="env.LOGONSERVER"/>
    <property value="1.0" name="java.vm.specification.version"/>
    <property value="x86" name="env.PROCESSOR_ARCHITECTURE"/>
    <property value="Service Pack 2" name="sun.os.patch.level"/>
    <property value="little" name="sun.cpu.endian"/>
    <property value="c:\Documents and Settings\hwng" name="env.HOME"/>
    <property value="ONCONFIG.ol_pod161" name="env.ONCONFIG"/>
    <property value="D:\Program Files\Apache Group\apache-ant-1.6.5" name="env.ANT_HOME"/>
    <property value="d:\src\commons-utils\target\test-classes;d:\src\commons-utils\target\classes;C:\Documents and Settings\hwng\.m2\repository\commons-collections\commons-collections\3.2\commons-collections-3.2.jar;C:\Documents and Settings\hwng\.m2\repository\commons-lang\commons-lang\2.4\commons-lang-2.4.jar;C:\Documents and Settings\hwng\.m2\repository\org\jmock\jmock\2.4.0\jmock-2.4.0.jar;C:\Documents and Settings\hwng\.m2\repository\org\hamcrest\hamcrest-core\1.1\hamcrest-core-1.1.jar;C:\Documents and Settings\hwng\.m2\repository\org\hamcrest\hamcrest-library\1.1\hamcrest-library-1.1.jar;C:\Documents and Settings\hwng\.m2\repository\org\jmock\jmock-junit4\2.4.0\jmock-junit4-2.4.0.jar;C:\Documents and Settings\hwng\.m2\repository\junit\junit-dep\4.4\junit-dep-4.4.jar;C:\Documents and Settings\hwng\.m2\repository\junit\junit\4.4\junit-4.4.jar;" name="surefire.test.class.path"/>
    <property value="c:\DOCUME~1\hwng\LOCALS~1\Temp\" name="java.io.tmpdir"/>
    <property value="0f06" name="env.PROCESSOR_REVISION"/>
    <property value="http://java.sun.com/cgi-bin/bugreport.cgi" name="java.vendor.url.bug"/>
    <property value="C:\WINDOWS\system32\cmd.exe" name="env.COMSPEC"/>
    <property value="sun.awt.Win32GraphicsEnvironment" name="java.awt.graphicsenv"/>
    <property value="x86" name="os.arch"/>
    <property value="d:\java\jdk1.5.0_10\jre\lib\ext" name="java.ext.dirs"/>
    <property value="d:\src\commons-utils" name="user.dir"/>
    <property value="D:\Program Files\Apache Group\apache-maven-2.0.9" name="env.MAVEN_HOME"/>
    <property value="/usr/local/info:/usr/share/info:/usr/info:" name="env.INFOPATH"/>
    <property value="
" name="line.separator"/>
    <property value="Java HotSpot(TM) Client VM" name="java.vm.name"/>
    <property value=".COM;.EXE;.BAT;.CMD;.VBS;.VBE;.JS;.JSE;.WSF;.WSH;.RB;.RBW" name="env.PATHEXT"/>
    <property value="d:\src\commons-utils" name="basedir"/>
    <property value="hwng" name="env.USERNAME"/>
    <property value="Cp1252" name="file.encoding"/>
    <property value="INTWARE" name="env.USERDOMAIN"/>
    <property value="ol_pod161" name="env.INFORMIXSERVER"/>
    <property value="1.5" name="java.specification.version"/>
    <property value="6" name="env.PROCESSOR_LEVEL"/>
  </properties>
  <testcase classname="com.gramercysoftware.utils.ObjectUtilsTest" time="0" name="emptySimpleObject"/>
  <testcase classname="com.gramercysoftware.utils.ObjectUtilsTest" time="0" name="emptySimpleObjectWithoutFieldsSelected"/>
  <testcase classname="com.gramercysoftware.utils.ObjectUtilsTest" time="0.015" name="nonEmptySimpleObjectWithoutFieldsSelected"/>
  <testcase classname="com.gramercysoftware.utils.ObjectUtilsTest" time="0.016" name="emptySimpleObjectIgnoresPrimitive"/>
  <testcase classname="com.gramercysoftware.utils.ObjectUtilsTest" time="0" name="simpleObjectWithStringNotEmpty"/>
  <testcase classname="com.gramercysoftware.utils.ObjectUtilsTest" time="0.016" name="simpleObjectWithDateNotEmpty"/>
  <testcase classname="com.gramercysoftware.utils.ObjectUtilsTest" time="0" name="simpleObjectWithBothStringAndDateNotEmpty"/>
</testsuite>